<?xml version="1.0" encoding="UTF-8"?>
<!-- Generated by org.testng.reporters.JUnitXMLReporter -->
<testsuite ignored="0" hostname="LAPTOP-1ULSNDMD" failures="4" tests="6" name="Banking App" time="33.07" errors="0" timestamp="2023-06-02T15:58:05 CDT">
  <testcase classname="com.inetbanking.testCase.TC_Logintest_001" name="loginTest" time="3.406"/>
  <testcase classname="com.inetbanking.testCase.TC_LoginDDT_002" name="loginDDT" time="5.297"/>
  <testcase classname="com.inetbanking.testCase.TC_LoginDDT_002" name="loginDDT" time="4.657">
    <failure type="java.lang.AssertionError" message="expected [true] but found [false]">
      <![CDATA[java.lang.AssertionError: expected [true] but found [false]
at com.inetbanking.testCase.TC_LoginDDT_002.loginDDT(TC_LoginDDT_002.java:37)
at java.base/java.util.ArrayList.forEach(ArrayList.java:1511)
... Removed 29 stack frames]]>
    </failure>
  </testcase> <!-- loginDDT -->
  <testcase classname="com.inetbanking.testCase.TC_LoginDDT_002" name="loginDDT" time="2.96">
    <failure type="java.lang.AssertionError" message="expected [true] but found [false]">
      <![CDATA[java.lang.AssertionError: expected [true] but found [false]
at com.inetbanking.testCase.TC_LoginDDT_002.loginDDT(TC_LoginDDT_002.java:37)
at java.base/java.util.ArrayList.forEach(ArrayList.java:1511)
... Removed 29 stack frames]]>
    </failure>
  </testcase> <!-- loginDDT -->
  <testcase classname="com.inetbanking.testCase.TC_LoginDDT_002" name="loginDDT" time="3.076">
    <failure type="java.lang.AssertionError" message="expected [true] but found [false]">
      <![CDATA[java.lang.AssertionError: expected [true] but found [false]
at com.inetbanking.testCase.TC_LoginDDT_002.loginDDT(TC_LoginDDT_002.java:37)
at java.base/java.util.ArrayList.forEach(ArrayList.java:1511)
... Removed 29 stack frames]]>
    </failure>
  </testcase> <!-- loginDDT -->
  <testcase classname="com.inetbanking.testCase.TC_LoginDDT_002" name="loginDDT" time="2.312">
    <failure type="java.lang.AssertionError" message="expected [true] but found [false]">
      <![CDATA[java.lang.AssertionError: expected [true] but found [false]
at com.inetbanking.testCase.TC_LoginDDT_002.loginDDT(TC_LoginDDT_002.java:37)
at java.base/java.util.ArrayList.forEach(ArrayList.java:1511)
... Removed 29 stack frames]]>
    </failure>
  </testcase> <!-- loginDDT -->
</testsuite> <!-- Banking App -->
